  GeneratorOfRace.cpp
D:\MVSProjects\GeneratorOfRace\GeneratorOfRace\GeneratorOfRace.cpp(71,42): warning C4244: 'argument': conversion from '_Rep' to 'unsigned int', possible loss of data
          with
          [
              _Rep=std::chrono::system_clock::rep
          ]
D:\MVSProjects\GeneratorOfRace\GeneratorOfRace\GeneratorOfRace.cpp(128,19): warning C4244: '=': conversion from 'int' to 'float', possible loss of data
D:\MVSProjects\GeneratorOfRace\GeneratorOfRace\GeneratorOfRace.cpp(130,29): warning C4244: '=': conversion from 'int' to 'float', possible loss of data
D:\MVSProjects\GeneratorOfRace\GeneratorOfRace\GeneratorOfRace.cpp(139,19): warning C4244: '=': conversion from 'int' to 'float', possible loss of data
D:\MVSProjects\GeneratorOfRace\GeneratorOfRace\GeneratorOfRace.cpp(141,29): warning C4244: '=': conversion from 'int' to 'float', possible loss of data
D:\MVSProjects\GeneratorOfRace\GeneratorOfRace\GeneratorOfRace.cpp(150,19): warning C4244: '=': conversion from 'int' to 'float', possible loss of data
D:\MVSProjects\GeneratorOfRace\GeneratorOfRace\GeneratorOfRace.cpp(151,29): warning C4244: '=': conversion from 'int' to 'float', possible loss of data
D:\MVSProjects\GeneratorOfRace\GeneratorOfRace\GeneratorOfRace.cpp(159,19): warning C4244: '=': conversion from 'int' to 'float', possible loss of data
D:\MVSProjects\GeneratorOfRace\GeneratorOfRace\GeneratorOfRace.cpp(160,29): warning C4244: '=': conversion from 'int' to 'float', possible loss of data
D:\MVSProjects\GeneratorOfRace\GeneratorOfRace\GeneratorOfRace.cpp(168,19): warning C4244: '=': conversion from 'int' to 'float', possible loss of data
D:\MVSProjects\GeneratorOfRace\GeneratorOfRace\GeneratorOfRace.cpp(170,29): warning C4244: '=': conversion from 'int' to 'float', possible loss of data
D:\MVSProjects\GeneratorOfRace\GeneratorOfRace\GeneratorOfRace.cpp(180,19): warning C4244: '=': conversion from 'int' to 'float', possible loss of data
D:\MVSProjects\GeneratorOfRace\GeneratorOfRace\GeneratorOfRace.cpp(182,29): warning C4244: '=': conversion from 'int' to 'float', possible loss of data
D:\MVSProjects\GeneratorOfRace\GeneratorOfRace\GeneratorOfRace.cpp(192,19): warning C4244: '=': conversion from 'int' to 'float', possible loss of data
D:\MVSProjects\GeneratorOfRace\GeneratorOfRace\GeneratorOfRace.cpp(194,29): warning C4244: '=': conversion from 'int' to 'float', possible loss of data
D:\MVSProjects\GeneratorOfRace\GeneratorOfRace\GeneratorOfRace.cpp(204,19): warning C4244: '=': conversion from 'int' to 'float', possible loss of data
D:\MVSProjects\GeneratorOfRace\GeneratorOfRace\GeneratorOfRace.cpp(206,29): warning C4244: '=': conversion from 'int' to 'float', possible loss of data
D:\MVSProjects\GeneratorOfRace\GeneratorOfRace\GeneratorOfRace.cpp(216,19): warning C4244: '=': conversion from 'int' to 'float', possible loss of data
D:\MVSProjects\GeneratorOfRace\GeneratorOfRace\GeneratorOfRace.cpp(217,29): warning C4244: '=': conversion from 'int' to 'float', possible loss of data
D:\MVSProjects\GeneratorOfRace\GeneratorOfRace\GeneratorOfRace.cpp(218,21): warning C4244: '=': conversion from 'int' to 'float', possible loss of data
D:\MVSProjects\GeneratorOfRace\GeneratorOfRace\GeneratorOfRace.cpp(226,21): warning C4244: '=': conversion from 'int' to 'float', possible loss of data
D:\MVSProjects\GeneratorOfRace\GeneratorOfRace\GeneratorOfRace.cpp(235,19): warning C4244: '=': conversion from 'int' to 'float', possible loss of data
D:\MVSProjects\GeneratorOfRace\GeneratorOfRace\GeneratorOfRace.cpp(237,29): warning C4244: '=': conversion from 'int' to 'float', possible loss of data
D:\MVSProjects\GeneratorOfRace\GeneratorOfRace\GeneratorOfRace.cpp(248,22): warning C4244: '=': conversion from 'int' to 'float', possible loss of data
D:\MVSProjects\GeneratorOfRace\GeneratorOfRace\GeneratorOfRace.cpp(249,22): warning C4244: '=': conversion from 'int' to 'float', possible loss of data
D:\MVSProjects\GeneratorOfRace\GeneratorOfRace\GeneratorOfRace.cpp(257,19): warning C4244: '=': conversion from 'int' to 'float', possible loss of data
D:\MVSProjects\GeneratorOfRace\GeneratorOfRace\GeneratorOfRace.cpp(258,29): warning C4244: '=': conversion from 'int' to 'float', possible loss of data
D:\MVSProjects\GeneratorOfRace\GeneratorOfRace\GeneratorOfRace.cpp(266,19): warning C4244: '=': conversion from 'int' to 'float', possible loss of data
D:\MVSProjects\GeneratorOfRace\GeneratorOfRace\GeneratorOfRace.cpp(268,29): warning C4244: '=': conversion from 'int' to 'float', possible loss of data
D:\MVSProjects\GeneratorOfRace\GeneratorOfRace\GeneratorOfRace.cpp(278,29): warning C4244: '=': conversion from 'int' to 'float', possible loss of data
D:\MVSProjects\GeneratorOfRace\GeneratorOfRace\GeneratorOfRace.cpp(285,19): warning C4244: '=': conversion from 'int' to 'float', possible loss of data
D:\MVSProjects\GeneratorOfRace\GeneratorOfRace\GeneratorOfRace.cpp(286,29): warning C4244: '=': conversion from 'int' to 'float', possible loss of data
D:\MVSProjects\GeneratorOfRace\GeneratorOfRace\GeneratorOfRace.cpp(294,19): warning C4244: '=': conversion from 'int' to 'float', possible loss of data
D:\MVSProjects\GeneratorOfRace\GeneratorOfRace\GeneratorOfRace.cpp(295,29): warning C4244: '=': conversion from 'int' to 'float', possible loss of data
D:\MVSProjects\GeneratorOfRace\GeneratorOfRace\GeneratorOfRace.cpp(304,19): warning C4244: '=': conversion from 'int' to 'float', possible loss of data
D:\MVSProjects\GeneratorOfRace\GeneratorOfRace\GeneratorOfRace.cpp(305,29): warning C4244: '=': conversion from 'int' to 'float', possible loss of data
D:\MVSProjects\GeneratorOfRace\GeneratorOfRace\GeneratorOfRace.cpp(322,19): warning C4244: '=': conversion from 'int' to 'float', possible loss of data
D:\MVSProjects\GeneratorOfRace\GeneratorOfRace\GeneratorOfRace.cpp(324,29): warning C4244: '=': conversion from 'int' to 'float', possible loss of data
D:\MVSProjects\GeneratorOfRace\GeneratorOfRace\GeneratorOfRace.cpp(334,19): warning C4244: '=': conversion from 'int' to 'float', possible loss of data
D:\MVSProjects\GeneratorOfRace\GeneratorOfRace\GeneratorOfRace.cpp(336,29): warning C4244: '=': conversion from 'int' to 'float', possible loss of data
D:\MVSProjects\GeneratorOfRace\GeneratorOfRace\GeneratorOfRace.cpp(346,21): warning C4244: '=': conversion from 'int' to 'float', possible loss of data
D:\MVSProjects\GeneratorOfRace\GeneratorOfRace\GeneratorOfRace.cpp(347,19): warning C4244: '=': conversion from 'int' to 'float', possible loss of data
D:\MVSProjects\GeneratorOfRace\GeneratorOfRace\GeneratorOfRace.cpp(348,22): warning C4244: '=': conversion from 'int' to 'float', possible loss of data
D:\MVSProjects\GeneratorOfRace\GeneratorOfRace\GeneratorOfRace.cpp(357,19): warning C4244: '=': conversion from 'int' to 'float', possible loss of data
D:\MVSProjects\GeneratorOfRace\GeneratorOfRace\GeneratorOfRace.cpp(359,29): warning C4244: '=': conversion from 'int' to 'float', possible loss of data
D:\MVSProjects\GeneratorOfRace\GeneratorOfRace\GeneratorOfRace.cpp(369,21): warning C4244: '=': conversion from 'int' to 'float', possible loss of data
D:\MVSProjects\GeneratorOfRace\GeneratorOfRace\GeneratorOfRace.cpp(370,21): warning C4244: '=': conversion from 'int' to 'float', possible loss of data
D:\MVSProjects\GeneratorOfRace\GeneratorOfRace\GeneratorOfRace.cpp(380,19): warning C4244: '=': conversion from 'int' to 'float', possible loss of data
D:\MVSProjects\GeneratorOfRace\GeneratorOfRace\GeneratorOfRace.cpp(381,29): warning C4244: '=': conversion from 'int' to 'float', possible loss of data
D:\MVSProjects\GeneratorOfRace\GeneratorOfRace\GeneratorOfRace.cpp(390,23): warning C4244: '=': conversion from 'int' to 'float', possible loss of data
D:\MVSProjects\GeneratorOfRace\GeneratorOfRace\GeneratorOfRace.cpp(392,19): warning C4244: '=': conversion from 'int' to 'float', possible loss of data
D:\MVSProjects\GeneratorOfRace\GeneratorOfRace\GeneratorOfRace.cpp(399,19): warning C4244: '=': conversion from 'int' to 'float', possible loss of data
D:\MVSProjects\GeneratorOfRace\GeneratorOfRace\GeneratorOfRace.cpp(400,29): warning C4244: '=': conversion from 'int' to 'float', possible loss of data
D:\MVSProjects\GeneratorOfRace\GeneratorOfRace\GeneratorOfRace.cpp(401,18): warning C4244: '=': conversion from 'int' to 'float', possible loss of data
D:\MVSProjects\GeneratorOfRace\GeneratorOfRace\GeneratorOfRace.cpp(408,19): warning C4244: '=': conversion from 'int' to 'float', possible loss of data
D:\MVSProjects\GeneratorOfRace\GeneratorOfRace\GeneratorOfRace.cpp(409,29): warning C4244: '=': conversion from 'int' to 'float', possible loss of data
D:\MVSProjects\GeneratorOfRace\GeneratorOfRace\GeneratorOfRace.cpp(416,18): warning C4244: '=': conversion from 'int' to 'float', possible loss of data
D:\MVSProjects\GeneratorOfRace\GeneratorOfRace\GeneratorOfRace.cpp(418,19): warning C4244: '=': conversion from 'int' to 'float', possible loss of data
D:\MVSProjects\GeneratorOfRace\GeneratorOfRace\GeneratorOfRace.cpp(419,29): warning C4244: '=': conversion from 'int' to 'float', possible loss of data
D:\MVSProjects\GeneratorOfRace\GeneratorOfRace\GeneratorOfRace.cpp(434,19): warning C4244: '=': conversion from 'int' to 'float', possible loss of data
D:\MVSProjects\GeneratorOfRace\GeneratorOfRace\GeneratorOfRace.cpp(436,29): warning C4244: '=': conversion from 'int' to 'float', possible loss of data
D:\MVSProjects\GeneratorOfRace\GeneratorOfRace\GeneratorOfRace.cpp(443,19): warning C4244: '=': conversion from 'int' to 'float', possible loss of data
D:\MVSProjects\GeneratorOfRace\GeneratorOfRace\GeneratorOfRace.cpp(445,29): warning C4244: '=': conversion from 'int' to 'float', possible loss of data
D:\MVSProjects\GeneratorOfRace\GeneratorOfRace\GeneratorOfRace.cpp(455,22): warning C4244: '=': conversion from 'int' to 'float', possible loss of data
D:\MVSProjects\GeneratorOfRace\GeneratorOfRace\GeneratorOfRace.cpp(456,22): warning C4244: '=': conversion from 'int' to 'float', possible loss of data
D:\MVSProjects\GeneratorOfRace\GeneratorOfRace\GeneratorOfRace.cpp(478,18): warning C4244: '=': conversion from 'int' to 'float', possible loss of data
D:\MVSProjects\GeneratorOfRace\GeneratorOfRace\GeneratorOfRace.cpp(487,18): warning C4244: '=': conversion from 'int' to 'float', possible loss of data
D:\MVSProjects\GeneratorOfRace\GeneratorOfRace\GeneratorOfRace.cpp(496,23): warning C4244: '=': conversion from 'int' to 'float', possible loss of data
D:\MVSProjects\GeneratorOfRace\GeneratorOfRace\GeneratorOfRace.cpp(497,24): warning C4244: '=': conversion from 'int' to 'float', possible loss of data
D:\MVSProjects\GeneratorOfRace\GeneratorOfRace\GeneratorOfRace.cpp(505,19): warning C4244: '=': conversion from 'int' to 'float', possible loss of data
D:\MVSProjects\GeneratorOfRace\GeneratorOfRace\GeneratorOfRace.cpp(507,29): warning C4244: '=': conversion from 'int' to 'float', possible loss of data
D:\MVSProjects\GeneratorOfRace\GeneratorOfRace\GeneratorOfRace.cpp(510,19): warning C4244: '=': conversion from 'int' to 'float', possible loss of data
D:\MVSProjects\GeneratorOfRace\GeneratorOfRace\GeneratorOfRace.cpp(517,19): warning C4244: '=': conversion from 'int' to 'float', possible loss of data
D:\MVSProjects\GeneratorOfRace\GeneratorOfRace\GeneratorOfRace.cpp(519,29): warning C4244: '=': conversion from 'int' to 'float', possible loss of data
D:\MVSProjects\GeneratorOfRace\GeneratorOfRace\GeneratorOfRace.cpp(529,19): warning C4244: '=': conversion from 'int' to 'float', possible loss of data
D:\MVSProjects\GeneratorOfRace\GeneratorOfRace\GeneratorOfRace.cpp(537,19): warning C4244: '=': conversion from 'int' to 'float', possible loss of data
D:\MVSProjects\GeneratorOfRace\GeneratorOfRace\GeneratorOfRace.cpp(577,19): warning C4244: '=': conversion from 'int' to 'float', possible loss of data
D:\MVSProjects\GeneratorOfRace\GeneratorOfRace\GeneratorOfRace.cpp(579,29): warning C4244: '=': conversion from 'int' to 'float', possible loss of data
D:\MVSProjects\GeneratorOfRace\GeneratorOfRace\GeneratorOfRace.cpp(597,21): warning C4244: '=': conversion from 'int' to 'float', possible loss of data
D:\MVSProjects\GeneratorOfRace\GeneratorOfRace\GeneratorOfRace.cpp(599,19): warning C4244: '=': conversion from 'int' to 'float', possible loss of data
D:\MVSProjects\GeneratorOfRace\GeneratorOfRace\GeneratorOfRace.cpp(607,19): warning C4244: '=': conversion from 'int' to 'float', possible loss of data
D:\MVSProjects\GeneratorOfRace\GeneratorOfRace\GeneratorOfRace.cpp(609,29): warning C4244: '=': conversion from 'int' to 'float', possible loss of data
D:\MVSProjects\GeneratorOfRace\GeneratorOfRace\GeneratorOfRace.cpp(618,19): warning C4244: '=': conversion from 'int' to 'float', possible loss of data
D:\MVSProjects\GeneratorOfRace\GeneratorOfRace\GeneratorOfRace.cpp(620,29): warning C4244: '=': conversion from 'int' to 'float', possible loss of data
D:\MVSProjects\GeneratorOfRace\GeneratorOfRace\GeneratorOfRace.cpp(629,19): warning C4244: '=': conversion from 'int' to 'float', possible loss of data
D:\MVSProjects\GeneratorOfRace\GeneratorOfRace\GeneratorOfRace.cpp(631,29): warning C4244: '=': conversion from 'int' to 'float', possible loss of data
D:\MVSProjects\GeneratorOfRace\GeneratorOfRace\GeneratorOfRace.cpp(640,19): warning C4244: '=': conversion from 'int' to 'float', possible loss of data
D:\MVSProjects\GeneratorOfRace\GeneratorOfRace\GeneratorOfRace.cpp(641,29): warning C4244: '=': conversion from 'int' to 'float', possible loss of data
D:\MVSProjects\GeneratorOfRace\GeneratorOfRace\GeneratorOfRace.cpp(645,21): warning C4244: '=': conversion from 'int' to 'float', possible loss of data
D:\MVSProjects\GeneratorOfRace\GeneratorOfRace\GeneratorOfRace.cpp(649,14): warning C4244: '=': conversion from 'int' to 'float', possible loss of data
D:\MVSProjects\GeneratorOfRace\GeneratorOfRace\GeneratorOfRace.cpp(650,14): warning C4244: '=': conversion from 'int' to 'float', possible loss of data
D:\MVSProjects\GeneratorOfRace\GeneratorOfRace\GeneratorOfRace.cpp(651,14): warning C4244: '=': conversion from 'int' to 'float', possible loss of data
D:\MVSProjects\GeneratorOfRace\GeneratorOfRace\GeneratorOfRace.cpp(663,19): warning C4244: '=': conversion from 'int' to 'float', possible loss of data
D:\MVSProjects\GeneratorOfRace\GeneratorOfRace\GeneratorOfRace.cpp(665,29): warning C4244: '=': conversion from 'int' to 'float', possible loss of data
D:\MVSProjects\GeneratorOfRace\GeneratorOfRace\GeneratorOfRace.cpp(674,19): warning C4244: '=': conversion from 'int' to 'float', possible loss of data
D:\MVSProjects\GeneratorOfRace\GeneratorOfRace\GeneratorOfRace.cpp(676,29): warning C4244: '=': conversion from 'int' to 'float', possible loss of data
D:\MVSProjects\GeneratorOfRace\GeneratorOfRace\GeneratorOfRace.cpp(723,21): warning C4244: '=': conversion from 'int' to 'float', possible loss of data
D:\MVSProjects\GeneratorOfRace\GeneratorOfRace\GeneratorOfRace.cpp(743,21): warning C4244: '=': conversion from 'int' to 'float', possible loss of data
D:\MVSProjects\GeneratorOfRace\GeneratorOfRace\GeneratorOfRace.cpp(745,19): warning C4244: '=': conversion from 'int' to 'float', possible loss of data
D:\MVSProjects\GeneratorOfRace\GeneratorOfRace\GeneratorOfRace.cpp(751,21): warning C4244: '=': conversion from 'int' to 'float', possible loss of data
D:\MVSProjects\GeneratorOfRace\GeneratorOfRace\GeneratorOfRace.cpp(754,14): warning C4244: '=': conversion from 'int' to 'float', possible loss of data
D:\MVSProjects\GeneratorOfRace\GeneratorOfRace\GeneratorOfRace.cpp(755,14): warning C4244: '=': conversion from 'int' to 'float', possible loss of data
D:\MVSProjects\GeneratorOfRace\GeneratorOfRace\GeneratorOfRace.cpp(756,14): warning C4244: '=': conversion from 'int' to 'float', possible loss of data
D:\MVSProjects\GeneratorOfRace\GeneratorOfRace\GeneratorOfRace.cpp(785,19): warning C4244: '=': conversion from 'int' to 'float', possible loss of data
D:\MVSProjects\GeneratorOfRace\GeneratorOfRace\GeneratorOfRace.cpp(787,29): warning C4244: '=': conversion from 'int' to 'float', possible loss of data
D:\MVSProjects\GeneratorOfRace\GeneratorOfRace\GeneratorOfRace.cpp(796,19): warning C4244: '=': conversion from 'int' to 'float', possible loss of data
D:\MVSProjects\GeneratorOfRace\GeneratorOfRace\GeneratorOfRace.cpp(798,29): warning C4244: '=': conversion from 'int' to 'float', possible loss of data
D:\MVSProjects\GeneratorOfRace\GeneratorOfRace\GeneratorOfRace.cpp(807,19): warning C4244: '=': conversion from 'int' to 'float', possible loss of data
D:\MVSProjects\GeneratorOfRace\GeneratorOfRace\GeneratorOfRace.cpp(809,29): warning C4244: '=': conversion from 'int' to 'float', possible loss of data
D:\MVSProjects\GeneratorOfRace\GeneratorOfRace\GeneratorOfRace.cpp(116,164): warning C4101: 'z': unreferenced local variable
D:\MVSProjects\GeneratorOfRace\GeneratorOfRace\GeneratorOfRace.cpp(116,130): warning C4101: 'multiplier3': unreferenced local variable
D:\MVSProjects\GeneratorOfRace\GeneratorOfRace\GeneratorOfRace.cpp(116,161): warning C4101: 'y': unreferenced local variable
D:\MVSProjects\GeneratorOfRace\GeneratorOfRace\GeneratorOfRace.cpp(116,158): warning C4101: 'x': unreferenced local variable
D:\MVSProjects\GeneratorOfRace\GeneratorOfRace\GeneratorOfRace.cpp(858,26): warning C4129: '{': unrecognized character escape sequence
D:\MVSProjects\GeneratorOfRace\GeneratorOfRace\GeneratorOfRace.cpp(894,31): warning C4129: '{': unrecognized character escape sequence
D:\MVSProjects\GeneratorOfRace\GeneratorOfRace\GeneratorOfRace.cpp(943,20): warning C4244: '=': conversion from 'int' to 'float', possible loss of data
D:\MVSProjects\GeneratorOfRace\GeneratorOfRace\GeneratorOfRace.cpp(944,18): warning C4244: '=': conversion from 'int' to 'float', possible loss of data
D:\MVSProjects\GeneratorOfRace\GeneratorOfRace\GeneratorOfRace.cpp(949,20): warning C4244: '=': conversion from 'int' to 'float', possible loss of data
D:\MVSProjects\GeneratorOfRace\GeneratorOfRace\GeneratorOfRace.cpp(950,20): warning C4244: '=': conversion from 'int' to 'float', possible loss of data
D:\MVSProjects\GeneratorOfRace\GeneratorOfRace\GeneratorOfRace.cpp(959,20): warning C4244: '=': conversion from 'int' to 'float', possible loss of data
D:\MVSProjects\GeneratorOfRace\GeneratorOfRace\GeneratorOfRace.cpp(968,20): warning C4244: '=': conversion from 'int' to 'float', possible loss of data
D:\MVSProjects\GeneratorOfRace\GeneratorOfRace\GeneratorOfRace.cpp(969,20): warning C4244: '=': conversion from 'int' to 'float', possible loss of data
D:\MVSProjects\GeneratorOfRace\GeneratorOfRace\GeneratorOfRace.cpp(974,17): warning C4244: '=': conversion from 'int' to 'float', possible loss of data
D:\MVSProjects\GeneratorOfRace\GeneratorOfRace\GeneratorOfRace.cpp(976,20): warning C4244: '=': conversion from 'int' to 'float', possible loss of data
D:\MVSProjects\GeneratorOfRace\GeneratorOfRace\GeneratorOfRace.cpp(986,20): warning C4244: '=': conversion from 'int' to 'float', possible loss of data
D:\MVSProjects\GeneratorOfRace\GeneratorOfRace\GeneratorOfRace.cpp(987,20): warning C4244: '=': conversion from 'int' to 'float', possible loss of data
D:\MVSProjects\GeneratorOfRace\GeneratorOfRace\GeneratorOfRace.cpp(996,20): warning C4244: '=': conversion from 'int' to 'float', possible loss of data
D:\MVSProjects\GeneratorOfRace\GeneratorOfRace\GeneratorOfRace.cpp(1013,22): warning C4244: '=': conversion from 'int' to 'float', possible loss of data
D:\MVSProjects\GeneratorOfRace\GeneratorOfRace\GeneratorOfRace.cpp(1015,20): warning C4244: '=': conversion from 'int' to 'float', possible loss of data
D:\MVSProjects\GeneratorOfRace\GeneratorOfRace\GeneratorOfRace.cpp(1021,18): warning C4244: '=': conversion from 'int' to 'float', possible loss of data
D:\MVSProjects\GeneratorOfRace\GeneratorOfRace\GeneratorOfRace.cpp(1022,20): warning C4244: '=': conversion from 'int' to 'float', possible loss of data
D:\MVSProjects\GeneratorOfRace\GeneratorOfRace\GeneratorOfRace.cpp(1024,21): warning C4244: '=': conversion from 'int' to 'float', possible loss of data
D:\MVSProjects\GeneratorOfRace\GeneratorOfRace\GeneratorOfRace.cpp(1026,18): warning C4244: '=': conversion from 'int' to 'float', possible loss of data
D:\MVSProjects\GeneratorOfRace\GeneratorOfRace\GeneratorOfRace.cpp(1043,20): warning C4244: '=': conversion from 'int' to 'float', possible loss of data
D:\MVSProjects\GeneratorOfRace\GeneratorOfRace\GeneratorOfRace.cpp(1044,18): warning C4244: '=': conversion from 'int' to 'float', possible loss of data
D:\MVSProjects\GeneratorOfRace\GeneratorOfRace\GeneratorOfRace.cpp(1049,20): warning C4244: '=': conversion from 'int' to 'float', possible loss of data
D:\MVSProjects\GeneratorOfRace\GeneratorOfRace\GeneratorOfRace.cpp(1054,20): warning C4244: '=': conversion from 'int' to 'float', possible loss of data
D:\MVSProjects\GeneratorOfRace\GeneratorOfRace\GeneratorOfRace.cpp(1059,20): warning C4244: '=': conversion from 'int' to 'float', possible loss of data
D:\MVSProjects\GeneratorOfRace\GeneratorOfRace\GeneratorOfRace.cpp(1065,20): warning C4244: '=': conversion from 'int' to 'float', possible loss of data
D:\MVSProjects\GeneratorOfRace\GeneratorOfRace\GeneratorOfRace.cpp(1070,20): warning C4244: '=': conversion from 'int' to 'float', possible loss of data
  GeneratorOfRace.vcxproj -> D:\MVSProjects\GeneratorOfRace\Debug\GeneratorOfRace.exe
