  GeneratorOfRace.cpp
D:\MVSProjects\GeneratorOfRace\GeneratorOfRace\GeneratorOfRace.cpp(74,42): warning C4244: 'argument': conversion from '_Rep' to 'unsigned int', possible loss of data
          with
          [
              _Rep=std::chrono::system_clock::rep
          ]
D:\MVSProjects\GeneratorOfRace\GeneratorOfRace\GeneratorOfRace.cpp(131,19): warning C4244: '=': conversion from 'int' to 'float', possible loss of data
D:\MVSProjects\GeneratorOfRace\GeneratorOfRace\GeneratorOfRace.cpp(133,29): warning C4244: '=': conversion from 'int' to 'float', possible loss of data
D:\MVSProjects\GeneratorOfRace\GeneratorOfRace\GeneratorOfRace.cpp(142,19): warning C4244: '=': conversion from 'int' to 'float', possible loss of data
D:\MVSProjects\GeneratorOfRace\GeneratorOfRace\GeneratorOfRace.cpp(144,29): warning C4244: '=': conversion from 'int' to 'float', possible loss of data
D:\MVSProjects\GeneratorOfRace\GeneratorOfRace\GeneratorOfRace.cpp(153,19): warning C4244: '=': conversion from 'int' to 'float', possible loss of data
D:\MVSProjects\GeneratorOfRace\GeneratorOfRace\GeneratorOfRace.cpp(154,29): warning C4244: '=': conversion from 'int' to 'float', possible loss of data
D:\MVSProjects\GeneratorOfRace\GeneratorOfRace\GeneratorOfRace.cpp(162,19): warning C4244: '=': conversion from 'int' to 'float', possible loss of data
D:\MVSProjects\GeneratorOfRace\GeneratorOfRace\GeneratorOfRace.cpp(163,29): warning C4244: '=': conversion from 'int' to 'float', possible loss of data
D:\MVSProjects\GeneratorOfRace\GeneratorOfRace\GeneratorOfRace.cpp(171,19): warning C4244: '=': conversion from 'int' to 'float', possible loss of data
D:\MVSProjects\GeneratorOfRace\GeneratorOfRace\GeneratorOfRace.cpp(173,29): warning C4244: '=': conversion from 'int' to 'float', possible loss of data
D:\MVSProjects\GeneratorOfRace\GeneratorOfRace\GeneratorOfRace.cpp(183,19): warning C4244: '=': conversion from 'int' to 'float', possible loss of data
D:\MVSProjects\GeneratorOfRace\GeneratorOfRace\GeneratorOfRace.cpp(185,29): warning C4244: '=': conversion from 'int' to 'float', possible loss of data
D:\MVSProjects\GeneratorOfRace\GeneratorOfRace\GeneratorOfRace.cpp(195,19): warning C4244: '=': conversion from 'int' to 'float', possible loss of data
D:\MVSProjects\GeneratorOfRace\GeneratorOfRace\GeneratorOfRace.cpp(197,29): warning C4244: '=': conversion from 'int' to 'float', possible loss of data
D:\MVSProjects\GeneratorOfRace\GeneratorOfRace\GeneratorOfRace.cpp(207,19): warning C4244: '=': conversion from 'int' to 'float', possible loss of data
D:\MVSProjects\GeneratorOfRace\GeneratorOfRace\GeneratorOfRace.cpp(209,29): warning C4244: '=': conversion from 'int' to 'float', possible loss of data
D:\MVSProjects\GeneratorOfRace\GeneratorOfRace\GeneratorOfRace.cpp(219,19): warning C4244: '=': conversion from 'int' to 'float', possible loss of data
D:\MVSProjects\GeneratorOfRace\GeneratorOfRace\GeneratorOfRace.cpp(220,29): warning C4244: '=': conversion from 'int' to 'float', possible loss of data
D:\MVSProjects\GeneratorOfRace\GeneratorOfRace\GeneratorOfRace.cpp(221,21): warning C4244: '=': conversion from 'int' to 'float', possible loss of data
D:\MVSProjects\GeneratorOfRace\GeneratorOfRace\GeneratorOfRace.cpp(229,21): warning C4244: '=': conversion from 'int' to 'float', possible loss of data
D:\MVSProjects\GeneratorOfRace\GeneratorOfRace\GeneratorOfRace.cpp(238,19): warning C4244: '=': conversion from 'int' to 'float', possible loss of data
D:\MVSProjects\GeneratorOfRace\GeneratorOfRace\GeneratorOfRace.cpp(240,29): warning C4244: '=': conversion from 'int' to 'float', possible loss of data
D:\MVSProjects\GeneratorOfRace\GeneratorOfRace\GeneratorOfRace.cpp(251,22): warning C4244: '=': conversion from 'int' to 'float', possible loss of data
D:\MVSProjects\GeneratorOfRace\GeneratorOfRace\GeneratorOfRace.cpp(252,22): warning C4244: '=': conversion from 'int' to 'float', possible loss of data
D:\MVSProjects\GeneratorOfRace\GeneratorOfRace\GeneratorOfRace.cpp(260,19): warning C4244: '=': conversion from 'int' to 'float', possible loss of data
D:\MVSProjects\GeneratorOfRace\GeneratorOfRace\GeneratorOfRace.cpp(261,29): warning C4244: '=': conversion from 'int' to 'float', possible loss of data
D:\MVSProjects\GeneratorOfRace\GeneratorOfRace\GeneratorOfRace.cpp(269,19): warning C4244: '=': conversion from 'int' to 'float', possible loss of data
D:\MVSProjects\GeneratorOfRace\GeneratorOfRace\GeneratorOfRace.cpp(271,29): warning C4244: '=': conversion from 'int' to 'float', possible loss of data
D:\MVSProjects\GeneratorOfRace\GeneratorOfRace\GeneratorOfRace.cpp(281,29): warning C4244: '=': conversion from 'int' to 'float', possible loss of data
D:\MVSProjects\GeneratorOfRace\GeneratorOfRace\GeneratorOfRace.cpp(288,19): warning C4244: '=': conversion from 'int' to 'float', possible loss of data
D:\MVSProjects\GeneratorOfRace\GeneratorOfRace\GeneratorOfRace.cpp(289,29): warning C4244: '=': conversion from 'int' to 'float', possible loss of data
D:\MVSProjects\GeneratorOfRace\GeneratorOfRace\GeneratorOfRace.cpp(297,19): warning C4244: '=': conversion from 'int' to 'float', possible loss of data
D:\MVSProjects\GeneratorOfRace\GeneratorOfRace\GeneratorOfRace.cpp(298,29): warning C4244: '=': conversion from 'int' to 'float', possible loss of data
D:\MVSProjects\GeneratorOfRace\GeneratorOfRace\GeneratorOfRace.cpp(307,19): warning C4244: '=': conversion from 'int' to 'float', possible loss of data
D:\MVSProjects\GeneratorOfRace\GeneratorOfRace\GeneratorOfRace.cpp(308,29): warning C4244: '=': conversion from 'int' to 'float', possible loss of data
D:\MVSProjects\GeneratorOfRace\GeneratorOfRace\GeneratorOfRace.cpp(325,19): warning C4244: '=': conversion from 'int' to 'float', possible loss of data
D:\MVSProjects\GeneratorOfRace\GeneratorOfRace\GeneratorOfRace.cpp(327,29): warning C4244: '=': conversion from 'int' to 'float', possible loss of data
D:\MVSProjects\GeneratorOfRace\GeneratorOfRace\GeneratorOfRace.cpp(337,19): warning C4244: '=': conversion from 'int' to 'float', possible loss of data
D:\MVSProjects\GeneratorOfRace\GeneratorOfRace\GeneratorOfRace.cpp(339,29): warning C4244: '=': conversion from 'int' to 'float', possible loss of data
D:\MVSProjects\GeneratorOfRace\GeneratorOfRace\GeneratorOfRace.cpp(349,21): warning C4244: '=': conversion from 'int' to 'float', possible loss of data
D:\MVSProjects\GeneratorOfRace\GeneratorOfRace\GeneratorOfRace.cpp(350,19): warning C4244: '=': conversion from 'int' to 'float', possible loss of data
D:\MVSProjects\GeneratorOfRace\GeneratorOfRace\GeneratorOfRace.cpp(351,22): warning C4244: '=': conversion from 'int' to 'float', possible loss of data
D:\MVSProjects\GeneratorOfRace\GeneratorOfRace\GeneratorOfRace.cpp(360,19): warning C4244: '=': conversion from 'int' to 'float', possible loss of data
D:\MVSProjects\GeneratorOfRace\GeneratorOfRace\GeneratorOfRace.cpp(362,29): warning C4244: '=': conversion from 'int' to 'float', possible loss of data
D:\MVSProjects\GeneratorOfRace\GeneratorOfRace\GeneratorOfRace.cpp(372,21): warning C4244: '=': conversion from 'int' to 'float', possible loss of data
D:\MVSProjects\GeneratorOfRace\GeneratorOfRace\GeneratorOfRace.cpp(373,21): warning C4244: '=': conversion from 'int' to 'float', possible loss of data
D:\MVSProjects\GeneratorOfRace\GeneratorOfRace\GeneratorOfRace.cpp(383,19): warning C4244: '=': conversion from 'int' to 'float', possible loss of data
D:\MVSProjects\GeneratorOfRace\GeneratorOfRace\GeneratorOfRace.cpp(384,29): warning C4244: '=': conversion from 'int' to 'float', possible loss of data
D:\MVSProjects\GeneratorOfRace\GeneratorOfRace\GeneratorOfRace.cpp(393,23): warning C4244: '=': conversion from 'int' to 'float', possible loss of data
D:\MVSProjects\GeneratorOfRace\GeneratorOfRace\GeneratorOfRace.cpp(395,19): warning C4244: '=': conversion from 'int' to 'float', possible loss of data
D:\MVSProjects\GeneratorOfRace\GeneratorOfRace\GeneratorOfRace.cpp(402,19): warning C4244: '=': conversion from 'int' to 'float', possible loss of data
D:\MVSProjects\GeneratorOfRace\GeneratorOfRace\GeneratorOfRace.cpp(403,29): warning C4244: '=': conversion from 'int' to 'float', possible loss of data
D:\MVSProjects\GeneratorOfRace\GeneratorOfRace\GeneratorOfRace.cpp(404,18): warning C4244: '=': conversion from 'int' to 'float', possible loss of data
D:\MVSProjects\GeneratorOfRace\GeneratorOfRace\GeneratorOfRace.cpp(411,19): warning C4244: '=': conversion from 'int' to 'float', possible loss of data
D:\MVSProjects\GeneratorOfRace\GeneratorOfRace\GeneratorOfRace.cpp(412,29): warning C4244: '=': conversion from 'int' to 'float', possible loss of data
D:\MVSProjects\GeneratorOfRace\GeneratorOfRace\GeneratorOfRace.cpp(419,18): warning C4244: '=': conversion from 'int' to 'float', possible loss of data
D:\MVSProjects\GeneratorOfRace\GeneratorOfRace\GeneratorOfRace.cpp(421,19): warning C4244: '=': conversion from 'int' to 'float', possible loss of data
D:\MVSProjects\GeneratorOfRace\GeneratorOfRace\GeneratorOfRace.cpp(422,29): warning C4244: '=': conversion from 'int' to 'float', possible loss of data
D:\MVSProjects\GeneratorOfRace\GeneratorOfRace\GeneratorOfRace.cpp(437,19): warning C4244: '=': conversion from 'int' to 'float', possible loss of data
D:\MVSProjects\GeneratorOfRace\GeneratorOfRace\GeneratorOfRace.cpp(439,29): warning C4244: '=': conversion from 'int' to 'float', possible loss of data
D:\MVSProjects\GeneratorOfRace\GeneratorOfRace\GeneratorOfRace.cpp(446,19): warning C4244: '=': conversion from 'int' to 'float', possible loss of data
D:\MVSProjects\GeneratorOfRace\GeneratorOfRace\GeneratorOfRace.cpp(448,29): warning C4244: '=': conversion from 'int' to 'float', possible loss of data
D:\MVSProjects\GeneratorOfRace\GeneratorOfRace\GeneratorOfRace.cpp(458,22): warning C4244: '=': conversion from 'int' to 'float', possible loss of data
D:\MVSProjects\GeneratorOfRace\GeneratorOfRace\GeneratorOfRace.cpp(459,22): warning C4244: '=': conversion from 'int' to 'float', possible loss of data
D:\MVSProjects\GeneratorOfRace\GeneratorOfRace\GeneratorOfRace.cpp(481,18): warning C4244: '=': conversion from 'int' to 'float', possible loss of data
D:\MVSProjects\GeneratorOfRace\GeneratorOfRace\GeneratorOfRace.cpp(490,18): warning C4244: '=': conversion from 'int' to 'float', possible loss of data
D:\MVSProjects\GeneratorOfRace\GeneratorOfRace\GeneratorOfRace.cpp(499,23): warning C4244: '=': conversion from 'int' to 'float', possible loss of data
D:\MVSProjects\GeneratorOfRace\GeneratorOfRace\GeneratorOfRace.cpp(500,24): warning C4244: '=': conversion from 'int' to 'float', possible loss of data
D:\MVSProjects\GeneratorOfRace\GeneratorOfRace\GeneratorOfRace.cpp(508,19): warning C4244: '=': conversion from 'int' to 'float', possible loss of data
D:\MVSProjects\GeneratorOfRace\GeneratorOfRace\GeneratorOfRace.cpp(510,29): warning C4244: '=': conversion from 'int' to 'float', possible loss of data
D:\MVSProjects\GeneratorOfRace\GeneratorOfRace\GeneratorOfRace.cpp(513,19): warning C4244: '=': conversion from 'int' to 'float', possible loss of data
D:\MVSProjects\GeneratorOfRace\GeneratorOfRace\GeneratorOfRace.cpp(520,19): warning C4244: '=': conversion from 'int' to 'float', possible loss of data
D:\MVSProjects\GeneratorOfRace\GeneratorOfRace\GeneratorOfRace.cpp(522,29): warning C4244: '=': conversion from 'int' to 'float', possible loss of data
D:\MVSProjects\GeneratorOfRace\GeneratorOfRace\GeneratorOfRace.cpp(532,19): warning C4244: '=': conversion from 'int' to 'float', possible loss of data
D:\MVSProjects\GeneratorOfRace\GeneratorOfRace\GeneratorOfRace.cpp(540,19): warning C4244: '=': conversion from 'int' to 'float', possible loss of data
D:\MVSProjects\GeneratorOfRace\GeneratorOfRace\GeneratorOfRace.cpp(580,19): warning C4244: '=': conversion from 'int' to 'float', possible loss of data
D:\MVSProjects\GeneratorOfRace\GeneratorOfRace\GeneratorOfRace.cpp(582,29): warning C4244: '=': conversion from 'int' to 'float', possible loss of data
D:\MVSProjects\GeneratorOfRace\GeneratorOfRace\GeneratorOfRace.cpp(600,21): warning C4244: '=': conversion from 'int' to 'float', possible loss of data
D:\MVSProjects\GeneratorOfRace\GeneratorOfRace\GeneratorOfRace.cpp(602,19): warning C4244: '=': conversion from 'int' to 'float', possible loss of data
D:\MVSProjects\GeneratorOfRace\GeneratorOfRace\GeneratorOfRace.cpp(610,19): warning C4244: '=': conversion from 'int' to 'float', possible loss of data
D:\MVSProjects\GeneratorOfRace\GeneratorOfRace\GeneratorOfRace.cpp(612,29): warning C4244: '=': conversion from 'int' to 'float', possible loss of data
D:\MVSProjects\GeneratorOfRace\GeneratorOfRace\GeneratorOfRace.cpp(621,19): warning C4244: '=': conversion from 'int' to 'float', possible loss of data
D:\MVSProjects\GeneratorOfRace\GeneratorOfRace\GeneratorOfRace.cpp(623,29): warning C4244: '=': conversion from 'int' to 'float', possible loss of data
D:\MVSProjects\GeneratorOfRace\GeneratorOfRace\GeneratorOfRace.cpp(632,19): warning C4244: '=': conversion from 'int' to 'float', possible loss of data
D:\MVSProjects\GeneratorOfRace\GeneratorOfRace\GeneratorOfRace.cpp(634,29): warning C4244: '=': conversion from 'int' to 'float', possible loss of data
D:\MVSProjects\GeneratorOfRace\GeneratorOfRace\GeneratorOfRace.cpp(643,19): warning C4244: '=': conversion from 'int' to 'float', possible loss of data
D:\MVSProjects\GeneratorOfRace\GeneratorOfRace\GeneratorOfRace.cpp(644,29): warning C4244: '=': conversion from 'int' to 'float', possible loss of data
D:\MVSProjects\GeneratorOfRace\GeneratorOfRace\GeneratorOfRace.cpp(648,21): warning C4244: '=': conversion from 'int' to 'float', possible loss of data
D:\MVSProjects\GeneratorOfRace\GeneratorOfRace\GeneratorOfRace.cpp(652,14): warning C4244: '=': conversion from 'int' to 'float', possible loss of data
D:\MVSProjects\GeneratorOfRace\GeneratorOfRace\GeneratorOfRace.cpp(653,14): warning C4244: '=': conversion from 'int' to 'float', possible loss of data
D:\MVSProjects\GeneratorOfRace\GeneratorOfRace\GeneratorOfRace.cpp(654,14): warning C4244: '=': conversion from 'int' to 'float', possible loss of data
D:\MVSProjects\GeneratorOfRace\GeneratorOfRace\GeneratorOfRace.cpp(666,19): warning C4244: '=': conversion from 'int' to 'float', possible loss of data
D:\MVSProjects\GeneratorOfRace\GeneratorOfRace\GeneratorOfRace.cpp(668,29): warning C4244: '=': conversion from 'int' to 'float', possible loss of data
D:\MVSProjects\GeneratorOfRace\GeneratorOfRace\GeneratorOfRace.cpp(677,19): warning C4244: '=': conversion from 'int' to 'float', possible loss of data
D:\MVSProjects\GeneratorOfRace\GeneratorOfRace\GeneratorOfRace.cpp(679,29): warning C4244: '=': conversion from 'int' to 'float', possible loss of data
D:\MVSProjects\GeneratorOfRace\GeneratorOfRace\GeneratorOfRace.cpp(726,21): warning C4244: '=': conversion from 'int' to 'float', possible loss of data
D:\MVSProjects\GeneratorOfRace\GeneratorOfRace\GeneratorOfRace.cpp(746,21): warning C4244: '=': conversion from 'int' to 'float', possible loss of data
D:\MVSProjects\GeneratorOfRace\GeneratorOfRace\GeneratorOfRace.cpp(748,19): warning C4244: '=': conversion from 'int' to 'float', possible loss of data
D:\MVSProjects\GeneratorOfRace\GeneratorOfRace\GeneratorOfRace.cpp(754,21): warning C4244: '=': conversion from 'int' to 'float', possible loss of data
D:\MVSProjects\GeneratorOfRace\GeneratorOfRace\GeneratorOfRace.cpp(757,14): warning C4244: '=': conversion from 'int' to 'float', possible loss of data
D:\MVSProjects\GeneratorOfRace\GeneratorOfRace\GeneratorOfRace.cpp(758,14): warning C4244: '=': conversion from 'int' to 'float', possible loss of data
D:\MVSProjects\GeneratorOfRace\GeneratorOfRace\GeneratorOfRace.cpp(759,14): warning C4244: '=': conversion from 'int' to 'float', possible loss of data
D:\MVSProjects\GeneratorOfRace\GeneratorOfRace\GeneratorOfRace.cpp(788,19): warning C4244: '=': conversion from 'int' to 'float', possible loss of data
D:\MVSProjects\GeneratorOfRace\GeneratorOfRace\GeneratorOfRace.cpp(790,29): warning C4244: '=': conversion from 'int' to 'float', possible loss of data
D:\MVSProjects\GeneratorOfRace\GeneratorOfRace\GeneratorOfRace.cpp(799,19): warning C4244: '=': conversion from 'int' to 'float', possible loss of data
D:\MVSProjects\GeneratorOfRace\GeneratorOfRace\GeneratorOfRace.cpp(801,29): warning C4244: '=': conversion from 'int' to 'float', possible loss of data
D:\MVSProjects\GeneratorOfRace\GeneratorOfRace\GeneratorOfRace.cpp(810,19): warning C4244: '=': conversion from 'int' to 'float', possible loss of data
D:\MVSProjects\GeneratorOfRace\GeneratorOfRace\GeneratorOfRace.cpp(812,29): warning C4244: '=': conversion from 'int' to 'float', possible loss of data
D:\MVSProjects\GeneratorOfRace\GeneratorOfRace\GeneratorOfRace.cpp(119,164): warning C4101: 'z': unreferenced local variable
D:\MVSProjects\GeneratorOfRace\GeneratorOfRace\GeneratorOfRace.cpp(119,130): warning C4101: 'multiplier3': unreferenced local variable
D:\MVSProjects\GeneratorOfRace\GeneratorOfRace\GeneratorOfRace.cpp(119,161): warning C4101: 'y': unreferenced local variable
D:\MVSProjects\GeneratorOfRace\GeneratorOfRace\GeneratorOfRace.cpp(119,158): warning C4101: 'x': unreferenced local variable
D:\MVSProjects\GeneratorOfRace\GeneratorOfRace\GeneratorOfRace.cpp(861,26): warning C4129: '{': unrecognized character escape sequence
D:\MVSProjects\GeneratorOfRace\GeneratorOfRace\GeneratorOfRace.cpp(897,31): warning C4129: '{': unrecognized character escape sequence
D:\MVSProjects\GeneratorOfRace\GeneratorOfRace\GeneratorOfRace.cpp(946,20): warning C4244: '=': conversion from 'int' to 'float', possible loss of data
D:\MVSProjects\GeneratorOfRace\GeneratorOfRace\GeneratorOfRace.cpp(947,18): warning C4244: '=': conversion from 'int' to 'float', possible loss of data
D:\MVSProjects\GeneratorOfRace\GeneratorOfRace\GeneratorOfRace.cpp(952,20): warning C4244: '=': conversion from 'int' to 'float', possible loss of data
D:\MVSProjects\GeneratorOfRace\GeneratorOfRace\GeneratorOfRace.cpp(953,20): warning C4244: '=': conversion from 'int' to 'float', possible loss of data
D:\MVSProjects\GeneratorOfRace\GeneratorOfRace\GeneratorOfRace.cpp(962,20): warning C4244: '=': conversion from 'int' to 'float', possible loss of data
D:\MVSProjects\GeneratorOfRace\GeneratorOfRace\GeneratorOfRace.cpp(971,20): warning C4244: '=': conversion from 'int' to 'float', possible loss of data
D:\MVSProjects\GeneratorOfRace\GeneratorOfRace\GeneratorOfRace.cpp(972,20): warning C4244: '=': conversion from 'int' to 'float', possible loss of data
D:\MVSProjects\GeneratorOfRace\GeneratorOfRace\GeneratorOfRace.cpp(977,17): warning C4244: '=': conversion from 'int' to 'float', possible loss of data
D:\MVSProjects\GeneratorOfRace\GeneratorOfRace\GeneratorOfRace.cpp(979,20): warning C4244: '=': conversion from 'int' to 'float', possible loss of data
D:\MVSProjects\GeneratorOfRace\GeneratorOfRace\GeneratorOfRace.cpp(989,20): warning C4244: '=': conversion from 'int' to 'float', possible loss of data
D:\MVSProjects\GeneratorOfRace\GeneratorOfRace\GeneratorOfRace.cpp(990,20): warning C4244: '=': conversion from 'int' to 'float', possible loss of data
D:\MVSProjects\GeneratorOfRace\GeneratorOfRace\GeneratorOfRace.cpp(999,20): warning C4244: '=': conversion from 'int' to 'float', possible loss of data
D:\MVSProjects\GeneratorOfRace\GeneratorOfRace\GeneratorOfRace.cpp(1016,22): warning C4244: '=': conversion from 'int' to 'float', possible loss of data
D:\MVSProjects\GeneratorOfRace\GeneratorOfRace\GeneratorOfRace.cpp(1018,20): warning C4244: '=': conversion from 'int' to 'float', possible loss of data
D:\MVSProjects\GeneratorOfRace\GeneratorOfRace\GeneratorOfRace.cpp(1024,18): warning C4244: '=': conversion from 'int' to 'float', possible loss of data
D:\MVSProjects\GeneratorOfRace\GeneratorOfRace\GeneratorOfRace.cpp(1025,20): warning C4244: '=': conversion from 'int' to 'float', possible loss of data
D:\MVSProjects\GeneratorOfRace\GeneratorOfRace\GeneratorOfRace.cpp(1027,21): warning C4244: '=': conversion from 'int' to 'float', possible loss of data
D:\MVSProjects\GeneratorOfRace\GeneratorOfRace\GeneratorOfRace.cpp(1029,18): warning C4244: '=': conversion from 'int' to 'float', possible loss of data
D:\MVSProjects\GeneratorOfRace\GeneratorOfRace\GeneratorOfRace.cpp(1046,20): warning C4244: '=': conversion from 'int' to 'float', possible loss of data
D:\MVSProjects\GeneratorOfRace\GeneratorOfRace\GeneratorOfRace.cpp(1047,18): warning C4244: '=': conversion from 'int' to 'float', possible loss of data
D:\MVSProjects\GeneratorOfRace\GeneratorOfRace\GeneratorOfRace.cpp(1052,20): warning C4244: '=': conversion from 'int' to 'float', possible loss of data
D:\MVSProjects\GeneratorOfRace\GeneratorOfRace\GeneratorOfRace.cpp(1057,20): warning C4244: '=': conversion from 'int' to 'float', possible loss of data
D:\MVSProjects\GeneratorOfRace\GeneratorOfRace\GeneratorOfRace.cpp(1062,20): warning C4244: '=': conversion from 'int' to 'float', possible loss of data
D:\MVSProjects\GeneratorOfRace\GeneratorOfRace\GeneratorOfRace.cpp(1068,20): warning C4244: '=': conversion from 'int' to 'float', possible loss of data
D:\MVSProjects\GeneratorOfRace\GeneratorOfRace\GeneratorOfRace.cpp(1073,20): warning C4244: '=': conversion from 'int' to 'float', possible loss of data
D:\MVSProjects\GeneratorOfRace\GeneratorOfRace\GeneratorOfRace.cpp(1083,18): warning C4244: '=': conversion from 'int' to 'float', possible loss of data
D:\MVSProjects\GeneratorOfRace\GeneratorOfRace\GeneratorOfRace.cpp(1084,20): warning C4244: '=': conversion from 'int' to 'float', possible loss of data
D:\MVSProjects\GeneratorOfRace\GeneratorOfRace\GeneratorOfRace.cpp(1089,18): warning C4244: '=': conversion from 'int' to 'float', possible loss of data
D:\MVSProjects\GeneratorOfRace\GeneratorOfRace\GeneratorOfRace.cpp(1090,18): warning C4244: '=': conversion from 'int' to 'float', possible loss of data
D:\MVSProjects\GeneratorOfRace\GeneratorOfRace\GeneratorOfRace.cpp(1096,18): warning C4244: '=': conversion from 'int' to 'float', possible loss of data
D:\MVSProjects\GeneratorOfRace\GeneratorOfRace\GeneratorOfRace.cpp(1097,20): warning C4244: '=': conversion from 'int' to 'float', possible loss of data
D:\MVSProjects\GeneratorOfRace\GeneratorOfRace\GeneratorOfRace.cpp(1103,18): warning C4244: '=': conversion from 'int' to 'float', possible loss of data
D:\MVSProjects\GeneratorOfRace\GeneratorOfRace\GeneratorOfRace.cpp(1104,20): warning C4244: '=': conversion from 'int' to 'float', possible loss of data
D:\MVSProjects\GeneratorOfRace\GeneratorOfRace\GeneratorOfRace.cpp(1109,18): warning C4244: '=': conversion from 'int' to 'float', possible loss of data
D:\MVSProjects\GeneratorOfRace\GeneratorOfRace\GeneratorOfRace.cpp(1112,20): warning C4244: '=': conversion from 'int' to 'float', possible loss of data
D:\MVSProjects\GeneratorOfRace\GeneratorOfRace\GeneratorOfRace.cpp(1118,18): warning C4244: '=': conversion from 'int' to 'float', possible loss of data
D:\MVSProjects\GeneratorOfRace\GeneratorOfRace\GeneratorOfRace.cpp(1119,18): warning C4244: '=': conversion from 'int' to 'float', possible loss of data
D:\MVSProjects\GeneratorOfRace\GeneratorOfRace\GeneratorOfRace.cpp(1125,18): warning C4244: '=': conversion from 'int' to 'float', possible loss of data
D:\MVSProjects\GeneratorOfRace\GeneratorOfRace\GeneratorOfRace.cpp(1136,20): warning C4244: '=': conversion from 'int' to 'float', possible loss of data
D:\MVSProjects\GeneratorOfRace\GeneratorOfRace\GeneratorOfRace.cpp(1137,18): warning C4244: '=': conversion from 'int' to 'float', possible loss of data
D:\MVSProjects\GeneratorOfRace\GeneratorOfRace\GeneratorOfRace.cpp(1138,17): warning C4244: '=': conversion from 'int' to 'float', possible loss of data
D:\MVSProjects\GeneratorOfRace\GeneratorOfRace\GeneratorOfRace.cpp(1140,18): warning C4244: '=': conversion from 'int' to 'float', possible loss of data
D:\MVSProjects\GeneratorOfRace\GeneratorOfRace\GeneratorOfRace.cpp(1146,18): warning C4244: '=': conversion from 'int' to 'float', possible loss of data
D:\MVSProjects\GeneratorOfRace\GeneratorOfRace\GeneratorOfRace.cpp(1147,20): warning C4244: '=': conversion from 'int' to 'float', possible loss of data
D:\MVSProjects\GeneratorOfRace\GeneratorOfRace\GeneratorOfRace.cpp(1152,19): warning C4244: '=': conversion from 'int' to 'float', possible loss of data
D:\MVSProjects\GeneratorOfRace\GeneratorOfRace\GeneratorOfRace.cpp(1155,20): warning C4244: '=': conversion from 'int' to 'float', possible loss of data
D:\MVSProjects\GeneratorOfRace\GeneratorOfRace\GeneratorOfRace.cpp(1161,19): warning C4244: '=': conversion from 'int' to 'float', possible loss of data
D:\MVSProjects\GeneratorOfRace\GeneratorOfRace\GeneratorOfRace.cpp(1164,20): warning C4244: '=': conversion from 'int' to 'float', possible loss of data
D:\MVSProjects\GeneratorOfRace\GeneratorOfRace\GeneratorOfRace.cpp(1171,18): warning C4244: '=': conversion from 'int' to 'float', possible loss of data
D:\MVSProjects\GeneratorOfRace\GeneratorOfRace\GeneratorOfRace.cpp(1172,20): warning C4244: '=': conversion from 'int' to 'float', possible loss of data
D:\MVSProjects\GeneratorOfRace\GeneratorOfRace\GeneratorOfRace.cpp(1177,18): warning C4244: '=': conversion from 'int' to 'float', possible loss of data
D:\MVSProjects\GeneratorOfRace\GeneratorOfRace\GeneratorOfRace.cpp(1183,18): warning C4244: '=': conversion from 'int' to 'float', possible loss of data
D:\MVSProjects\GeneratorOfRace\GeneratorOfRace\GeneratorOfRace.cpp(1194,18): warning C4244: '=': conversion from 'int' to 'float', possible loss of data
D:\MVSProjects\GeneratorOfRace\GeneratorOfRace\GeneratorOfRace.cpp(1196,18): warning C4244: '=': conversion from 'int' to 'float', possible loss of data
D:\MVSProjects\GeneratorOfRace\GeneratorOfRace\GeneratorOfRace.cpp(1202,18): warning C4244: '=': conversion from 'int' to 'float', possible loss of data
D:\MVSProjects\GeneratorOfRace\GeneratorOfRace\GeneratorOfRace.cpp(1204,18): warning C4244: '=': conversion from 'int' to 'float', possible loss of data
D:\MVSProjects\GeneratorOfRace\GeneratorOfRace\GeneratorOfRace.cpp(1211,18): warning C4244: '=': conversion from 'int' to 'float', possible loss of data
D:\MVSProjects\GeneratorOfRace\GeneratorOfRace\GeneratorOfRace.cpp(1212,20): warning C4244: '=': conversion from 'int' to 'float', possible loss of data
D:\MVSProjects\GeneratorOfRace\GeneratorOfRace\GeneratorOfRace.cpp(1213,18): warning C4244: '=': conversion from 'int' to 'float', possible loss of data
D:\MVSProjects\GeneratorOfRace\GeneratorOfRace\GeneratorOfRace.cpp(1219,18): warning C4244: '=': conversion from 'int' to 'float', possible loss of data
D:\MVSProjects\GeneratorOfRace\GeneratorOfRace\GeneratorOfRace.cpp(1220,20): warning C4244: '=': conversion from 'int' to 'float', possible loss of data
D:\MVSProjects\GeneratorOfRace\GeneratorOfRace\GeneratorOfRace.cpp(1221,18): warning C4244: '=': conversion from 'int' to 'float', possible loss of data
D:\MVSProjects\GeneratorOfRace\GeneratorOfRace\GeneratorOfRace.cpp(1226,18): warning C4244: '=': conversion from 'int' to 'float', possible loss of data
D:\MVSProjects\GeneratorOfRace\GeneratorOfRace\GeneratorOfRace.cpp(1227,20): warning C4244: '=': conversion from 'int' to 'float', possible loss of data
D:\MVSProjects\GeneratorOfRace\GeneratorOfRace\GeneratorOfRace.cpp(1233,18): warning C4244: '=': conversion from 'int' to 'float', possible loss of data
D:\MVSProjects\GeneratorOfRace\GeneratorOfRace\GeneratorOfRace.cpp(1234,20): warning C4244: '=': conversion from 'int' to 'float', possible loss of data
D:\MVSProjects\GeneratorOfRace\GeneratorOfRace\GeneratorOfRace.cpp(1240,18): warning C4244: '=': conversion from 'int' to 'float', possible loss of data
D:\MVSProjects\GeneratorOfRace\GeneratorOfRace\GeneratorOfRace.cpp(1241,18): warning C4244: '=': conversion from 'int' to 'float', possible loss of data
D:\MVSProjects\GeneratorOfRace\GeneratorOfRace\GeneratorOfRace.cpp(1242,19): warning C4244: '=': conversion from 'int' to 'float', possible loss of data
D:\MVSProjects\GeneratorOfRace\GeneratorOfRace\GeneratorOfRace.cpp(1244,20): warning C4244: '=': conversion from 'int' to 'float', possible loss of data
  Generating code
  Previous IPDB not found, fall back to full compilation.
  All 383 functions were compiled because no usable IPDB/IOBJ from previous compilation was found.
  Finished generating code
  GeneratorOfRace.vcxproj -> D:\MVSProjects\GeneratorOfRace\Release\GeneratorOfRace.exe
